{"timestamp":"2026-06-25T15:55:13.963Z","event":"authenticated","state":"AUTHENTICATED"}
{"timestamp":"2026-06-25T15:55:14.037Z","event":"ready","state":"READY"}
{"timestamp":"2026-06-25T16:51:50.242Z","event":"change_state","state":"READY","reason":"OPENING"}
{"timestamp":"2026-06-25T16:51:50.813Z","event":"change_state","state":"READY","reason":"PAIRING"}
{"timestamp":"2026-06-25T16:51:50.814Z","event":"change_state","state":"READY","reason":"CONNECTED"}
{"timestamp":"2026-06-25T17:56:01.665Z","event":"change_state","state":"READY","reason":"OPENING"}
{"timestamp":"2026-06-25T17:56:02.238Z","event":"change_state","state":"READY","reason":"PAIRING"}
{"timestamp":"2026-06-25T17:56:02.239Z","event":"change_state","state":"READY","reason":"CONNECTED"}
{"timestamp":"2026-06-25T19:27:11.219Z","event":"change_state","state":"READY","reason":"OPENING"}
{"timestamp":"2026-06-25T19:27:11.789Z","event":"change_state","state":"READY","reason":"PAIRING"}
{"timestamp":"2026-06-25T19:27:11.790Z","event":"change_state","state":"READY","reason":"CONNECTED"}
{"timestamp":"2026-06-25T20:00:31.093Z","event":"change_state","state":"READY","reason":"OPENING"}
{"timestamp":"2026-06-25T20:02:01.459Z","event":"change_state","state":"READY","reason":"PAIRING"}
{"timestamp":"2026-06-25T20:02:01.460Z","event":"change_state","state":"READY","reason":"CONNECTED"}
{"timestamp":"2026-06-25T20:19:14.678Z","event":"change_state","state":"READY","reason":"OPENING"}
{"timestamp":"2026-06-25T20:19:15.242Z","event":"change_state","state":"READY","reason":"PAIRING"}
{"timestamp":"2026-06-25T20:19:15.243Z","event":"change_state","state":"READY","reason":"CONNECTED"}
{"timestamp":"2026-06-26T00:53:18.482Z","event":"initializing","state":"INITIALIZING","clientId":"bakudan-food-safety","sessionRoot":"D:\\Project\\Master\\mi-core\\services\\whatsapp-ai-gateway\\data\\whatsapp","sessionDir":"D:\\Project\\Master\\mi-core\\services\\whatsapp-ai-gateway\\data\\whatsapp\\auth","cacheDir":"D:\\Project\\Master\\mi-core\\services\\whatsapp-ai-gateway\\data\\whatsapp\\cache","chrome":"puppeteer-default","headless":true}
{"timestamp":"2026-06-26T00:53:18.484Z","event":"outbound_send_guard_installed","state":"INITIALIZING"}
{"timestamp":"2026-06-26T00:53:25.715Z","event":"loading_screen","state":"INITIALIZING","reason":"0% WhatsApp"}
{"timestamp":"2026-06-26T00:53:25.814Z","event":"authenticated","state":"AUTHENTICATED"}
{"timestamp":"2026-06-26T00:53:26.006Z","event":"ready","state":"READY"}
{"timestamp":"2026-06-26T00:53:26.374Z","event":"loading_screen","state":"READY","reason":"99% WhatsApp"}
{"timestamp":"2026-06-26T00:54:42.070Z","event":"initializing","state":"INITIALIZING","clientId":"bakudan-food-safety","sessionRoot":"D:\\Project\\Master\\mi-core\\services\\whatsapp-ai-gateway\\data\\whatsapp","sessionDir":"D:\\Project\\Master\\mi-core\\services\\whatsapp-ai-gateway\\data\\whatsapp\\auth","cacheDir":"D:\\Project\\Master\\mi-core\\services\\whatsapp-ai-gateway\\data\\whatsapp\\cache","chrome":"puppeteer-default","headless":true}
{"timestamp":"2026-06-26T00:54:42.071Z","event":"outbound_send_guard_installed","state":"INITIALIZING"}
{"timestamp":"2026-06-26T00:54:45.659Z","event":"loading_screen","state":"INITIALIZING","reason":"100% WhatsApp"}
{"timestamp":"2026-06-26T00:54:45.756Z","event":"authenticated","state":"AUTHENTICATED"}
{"timestamp":"2026-06-26T00:54:45.833Z","event":"ready","state":"READY"}
{"timestamp":"2026-06-26T00:55:48.590Z","event":"initializing","state":"INITIALIZING","clientId":"bakudan-food-safety","sessionRoot":"D:\\Project\\Master\\mi-core\\services\\whatsapp-ai-gateway\\data\\whatsapp","sessionDir":"D:\\Project\\Master\\mi-core\\services\\whatsapp-ai-gateway\\data\\whatsapp\\auth","cacheDir":"D:\\Project\\Master\\mi-core\\services\\whatsapp-ai-gateway\\data\\whatsapp\\cache","chrome":"puppeteer-default","headless":true}
{"timestamp":"2026-06-26T00:55:48.591Z","event":"outbound_send_guard_installed","state":"INITIALIZING"}
{"timestamp":"2026-06-26T00:55:51.684Z","event":"loading_screen","state":"INITIALIZING","reason":"100% WhatsApp"}
{"timestamp":"2026-06-26T00:55:51.755Z","event":"authenticated","state":"AUTHENTICATED"}
{"timestamp":"2026-06-26T00:55:51.809Z","event":"ready","state":"READY"}
{"timestamp":"2026-06-26T01:23:19.233Z","event":"initializing","state":"INITIALIZING","clientId":"bakudan-food-safety","sessionRoot":"D:\\Project\\Master\\mi-core\\services\\whatsapp-ai-gateway\\data\\whatsapp","sessionDir":"D:\\Project\\Master\\mi-core\\services\\whatsapp-ai-gateway\\data\\whatsapp\\auth","cacheDir":"D:\\Project\\Master\\mi-core\\services\\whatsapp-ai-gateway\\data\\whatsapp\\cache","chrome":"puppeteer-default","headless":true}
{"timestamp":"2026-06-26T01:23:19.240Z","event":"outbound_send_guard_installed","state":"INITIALIZING"}
{"timestamp":"2026-06-26T08:25:12.966Z","event":"initializing","state":"INITIALIZING","clientId":"bakudan-food-safety","sessionRoot":"D:\\Project\\Master\\mi-core\\services\\whatsapp-ai-gateway\\data\\whatsapp","sessionDir":"D:\\Project\\Master\\mi-core\\services\\whatsapp-ai-gateway\\data\\whatsapp\\auth","cacheDir":"D:\\Project\\Master\\mi-core\\services\\whatsapp-ai-gateway\\data\\whatsapp\\cache","chrome":"puppeteer-default","headless":true}
{"timestamp":"2026-06-26T08:25:12.969Z","event":"outbound_send_guard_installed","state":"INITIALIZING"}
{"timestamp":"2026-06-26T08:25:23.108Z","event":"loading_screen","state":"INITIALIZING","reason":"95% WhatsApp"}
{"timestamp":"2026-06-26T08:25:23.110Z","event":"authenticated","state":"AUTHENTICATED"}
{"timestamp":"2026-06-26T08:25:23.112Z","event":"loading_screen","state":"AUTHENTICATED","reason":"99% WhatsApp"}
{"timestamp":"2026-06-26T08:25:23.416Z","event":"ready","state":"READY"}
{"timestamp":"2026-06-26T09:47:50.454Z","event":"change_state","state":"READY","reason":"OPENING"}
{"timestamp":"2026-06-26T09:47:55.838Z","event":"change_state","state":"READY","reason":"PAIRING"}
{"timestamp":"2026-06-26T09:47:55.839Z","event":"change_state","state":"READY","reason":"CONNECTED"}
{"timestamp":"2026-06-26T10:57:17.939Z","event":"change_state","state":"READY","reason":"OPENING"}
{"timestamp":"2026-06-26T10:57:19.000Z","event":"change_state","state":"READY","reason":"PAIRING"}
{"timestamp":"2026-06-26T10:57:19.001Z","event":"change_state","state":"READY","reason":"CONNECTED"}
{"timestamp":"2026-06-26T15:36:47.906Z","event":"change_state","state":"READY","reason":"OPENING"}
{"timestamp":"2026-06-26T15:36:48.924Z","event":"change_state","state":"READY","reason":"PAIRING"}
{"timestamp":"2026-06-26T15:36:48.925Z","event":"change_state","state":"READY","reason":"CONNECTED"}
{"timestamp":"2026-06-26T16:21:19.738Z","event":"change_state","state":"READY","reason":"OPENING"}
{"timestamp":"2026-06-26T16:24:18.007Z","event":"change_state","state":"READY","reason":"PAIRING"}
{"timestamp":"2026-06-26T16:24:18.008Z","event":"change_state","state":"READY","reason":"CONNECTED"}
{"timestamp":"2026-06-26T17:41:20.562Z","event":"change_state","state":"READY","reason":"OPENING"}
{"timestamp":"2026-06-26T17:41:22.161Z","event":"change_state","state":"READY","reason":"PAIRING"}
{"timestamp":"2026-06-26T17:41:22.162Z","event":"change_state","state":"READY","reason":"CONNECTED"}
{"timestamp":"2026-06-26T18:31:37.680Z","event":"change_state","state":"READY","reason":"OPENING"}
{"timestamp":"2026-06-26T18:31:38.446Z","event":"change_state","state":"READY","reason":"PAIRING"}
{"timestamp":"2026-06-26T18:31:38.447Z","event":"change_state","state":"READY","reason":"CONNECTED"}
{"timestamp":"2026-06-26T19:13:11.358Z","event":"change_state","state":"READY","reason":"OPENING"}
{"timestamp":"2026-06-26T19:13:12.295Z","event":"change_state","state":"READY","reason":"PAIRING"}
{"timestamp":"2026-06-26T19:13:12.296Z","event":"change_state","state":"READY","reason":"CONNECTED"}
{"timestamp":"2026-06-26T20:00:11.445Z","event":"change_state","state":"READY","reason":"OPENING"}
{"timestamp":"2026-06-26T20:02:05.419Z","event":"change_state","state":"READY","reason":"PAIRING"}
{"timestamp":"2026-06-26T20:02:05.419Z","event":"change_state","state":"READY","reason":"CONNECTED"}
{"timestamp":"2026-06-26T22:39:13.619Z","event":"change_state","state":"READY","reason":"OPENING"}
{"timestamp":"2026-06-26T22:39:15.452Z","event":"change_state","state":"READY","reason":"PAIRING"}
{"timestamp":"2026-06-26T22:39:15.453Z","event":"change_state","state":"READY","reason":"CONNECTED"}
{"timestamp":"2026-06-26T23:12:21.214Z","event":"change_state","state":"READY","reason":"OPENING"}
{"timestamp":"2026-06-26T23:12:22.468Z","event":"change_state","state":"READY","reason":"PAIRING"}
{"timestamp":"2026-06-26T23:12:22.469Z","event":"change_state","state":"READY","reason":"CONNECTED"}
{"timestamp":"2026-06-26T23:42:47.982Z","event":"change_state","state":"READY","reason":"OPENING"}
{"timestamp":"2026-06-26T23:42:48.837Z","event":"change_state","state":"READY","reason":"PAIRING"}
{"timestamp":"2026-06-26T23:42:48.838Z","event":"change_state","state":"READY","reason":"CONNECTED"}
{"timestamp":"2026-06-27T03:59:17.539Z","event":"change_state","state":"READY","reason":"OPENING"}
{"timestamp":"2026-06-27T03:59:19.089Z","event":"change_state","state":"READY","reason":"PAIRING"}
{"timestamp":"2026-06-27T03:59:19.089Z","event":"change_state","state":"READY","reason":"CONNECTED"}
{"timestamp":"2026-06-27T04:05:53.413Z","event":"change_state","state":"READY","reason":"OPENING"}
{"timestamp":"2026-06-27T04:05:55.813Z","event":"change_state","state":"READY","reason":"PAIRING"}
{"timestamp":"2026-06-27T04:05:55.814Z","event":"change_state","state":"READY","reason":"CONNECTED"}
